This is e-upTeX, Version 3.141592653-p3.9.0-u1.27-210218-2.6 (utf8.uptex) (TeX Live 2021) (preloaded format=uplatex 2022.1.27)  13 SEP 2022 16:59
entering extended mode
 restricted \write18 enabled.
 %&-line parsing enabled.
**r2d2.tex
(./r2d2.tex
pLaTeX2e <2020-10-01u04>+2 (based on LaTeX2e <2020-10-01> patch level 4)
L3 programming layer <2021-02-18> (./sphinxmanual.cls
Document Class: sphinxmanual 2019/12/01 v2.3.0 Document class (Sphinx manual)
(/usr/local/texlive/2021/texmf-dist/tex/uplatex/base/ujbook.cls
Document Class: ujbook 2020/09/30 v1.8f-u00 Standard upLaTeX class
\c@@paper=\count178
(/usr/local/texlive/2021/texmf-dist/tex/uplatex/base/ujbk10.clo
File: ujbk10.clo 2020/09/30 v1.8f-u00 Standard upLaTeX file (size option)
LaTeX Font Info:    Font shape `JT2/mc/m/n' will be
(Font)              scaled to size 9.6222pt on input line 28.
LaTeX Font Info:    Font shape `JY2/mc/m/n' will be
(Font)              scaled to size 9.6222pt on input line 28.
)
\c@part=\count179
\c@chapter=\count180
\c@section=\count181
\c@subsection=\count182
\c@subsubsection=\count183
\c@paragraph=\count184
\c@subparagraph=\count185
\c@figure=\count186
\c@table=\count187
\abovecaptionskip=\skip47
\belowcaptionskip=\skip48
\symmincho=\mathgroup4
LaTeX Font Info:    Overwriting symbol font `mincho' in version `bold'
(Font)                  JY2/mc/m/n --> JY2/gt/m/n on input line 709.
\toclineskip=\dimen154
\@lnumwidth=\dimen155
\bibindent=\dimen156
\heisei=\count188
)
LaTeX Info: Redefining \and on input line 35.
)
\sphinxpxdimen=\dimen157

(/usr/local/texlive/2021/texmf-dist/tex/latex/cmap/cmap.sty
Package: cmap 2021/02/06 v1.0j CMap support: searchable PDF


Package cmap Warning: pdftex not detected - exiting.

) (/usr/local/texlive/2021/texmf-dist/tex/latex/base/fontenc.sty
Package: fontenc 2020/08/10 v2.0s Standard LaTeX package
)
(/usr/local/texlive/2021/texmf-dist/tex/latex/amsmath/amsmath.sty
Package: amsmath 2020/09/23 v2.17i AMS math features
\@mathmargin=\skip49

For additional information on amsmath, use the `?' option.
(/usr/local/texlive/2021/texmf-dist/tex/latex/amsmath/amstext.sty
Package: amstext 2000/06/29 v2.01 AMS text

(/usr/local/texlive/2021/texmf-dist/tex/latex/amsmath/amsgen.sty
File: amsgen.sty 1999/11/30 v2.0 generic functions
\@emptytoks=\toks16
\ex@=\dimen158
))
(/usr/local/texlive/2021/texmf-dist/tex/latex/amsmath/amsbsy.sty
Package: amsbsy 1999/11/29 v1.2d Bold Symbols
\pmbraise@=\dimen159
)
(/usr/local/texlive/2021/texmf-dist/tex/latex/amsmath/amsopn.sty
Package: amsopn 2016/03/08 v2.02 operator names
)
\inf@bad=\count189
LaTeX Info: Redefining \frac on input line 234.
\uproot@=\count190
\leftroot@=\count191
LaTeX Info: Redefining \overline on input line 399.
\classnum@=\count192
\DOTSCASE@=\count193
LaTeX Info: Redefining \ldots on input line 496.
LaTeX Info: Redefining \dots on input line 499.
LaTeX Info: Redefining \cdots on input line 620.
\Mathstrutbox@=\box64
\strutbox@=\box65
\big@size=\dimen160
LaTeX Font Info:    Redeclaring font encoding OML on input line 743.
LaTeX Font Info:    Redeclaring font encoding OMS on input line 744.
\macc@depth=\count194
\c@MaxMatrixCols=\count195
\dotsspace@=\muskip16
\c@parentequation=\count196
\dspbrk@lvl=\count197
\tag@help=\toks17
\row@=\count198
\column@=\count199
\maxfields@=\count266
\andhelp@=\toks18
\eqnshift@=\dimen161
\alignsep@=\dimen162
\tagshift@=\dimen163
\tagwidth@=\dimen164
\totwidth@=\dimen165
\lineht@=\dimen166
\@envbody=\toks19
\multlinegap=\skip50
\multlinetaggap=\skip51
\mathdisplay@stack=\toks20
LaTeX Info: Redefining \[ on input line 2923.
LaTeX Info: Redefining \] on input line 2924.
)
(/usr/local/texlive/2021/texmf-dist/tex/latex/amsfonts/amssymb.sty
Package: amssymb 2013/01/14 v3.01 AMS font symbols

(/usr/local/texlive/2021/texmf-dist/tex/latex/amsfonts/amsfonts.sty
Package: amsfonts 2013/01/14 v3.01 Basic AMSFonts support
\symAMSa=\mathgroup5
\symAMSb=\mathgroup6
LaTeX Font Info:    Redeclaring math symbol \hbar on input line 98.
LaTeX Font Info:    Overwriting math alphabet `\mathfrak' in version `bold'
(Font)                  U/euf/m/n --> U/euf/b/n on input line 106.
))
(/usr/local/texlive/2021/texmf-dist/tex/latex/tex-gyre/tgtermes.sty
Package: tgtermes 2009/09/27 v1.2 TeX Gyre Termes as default roman family

(/usr/local/texlive/2021/texmf-dist/tex/latex/kvoptions/kvoptions.sty
Package: kvoptions 2020-10-07 v3.14 Key value format for package options (HO)

(/usr/local/texlive/2021/texmf-dist/tex/latex/graphics/keyval.sty
Package: keyval 2014/10/28 v1.15 key=value parser (DPC)
\KV@toks@=\toks21
)
(/usr/local/texlive/2021/texmf-dist/tex/generic/ltxcmds/ltxcmds.sty
Package: ltxcmds 2020-05-10 v1.25 LaTeX kernel commands for general use (HO)
)
(/usr/local/texlive/2021/texmf-dist/tex/generic/kvsetkeys/kvsetkeys.sty
Package: kvsetkeys 2019/12/15 v1.18 Key value parser (HO)
))
(I search kanjifont definition file: . . ) (I search font definition file: . .
. . . . . )) (/usr/local/texlive/2021/texmf-dist/tex/latex/tex-gyre/tgheros.sty
Package: tgheros 2009/09/27 v1.2 TeX Gyre Heros as default sans serif family
) (./sphinx.sty
Package: sphinx 2021/01/27 v4.0.0 LaTeX package (Sphinx markup)
 (/usr/local/texlive/2021/texmf-dist/tex/latex/xcolor/xcolor.sty
Package: xcolor 2016/05/11 v2.12 LaTeX color extensions (UK)
(/usr/local/texlive/2021/texmf-dist/tex/latex/graphics-cfg/color.cfg
File: color.cfg 2016/01/02 v1.6 sample color configuration
)
Package xcolor Info: Driver file: dvipdfmx.def on input line 225.

(/usr/local/texlive/2021/texmf-dist/tex/latex/graphics-def/dvipdfmx.def
File: dvipdfmx.def 2021/03/18 v5.0j Graphics/color driver for dvipdfmx
)
Package xcolor Info: Model `cmy' substituted by `cmy0' on input line 1348.
Package xcolor Info: Model `RGB' extended on input line 1364.
Package xcolor Info: Model `HTML' substituted by `rgb' on input line 1366.
Package xcolor Info: Model `Hsb' substituted by `hsb' on input line 1367.
Package xcolor Info: Model `tHsb' substituted by `hsb' on input line 1368.
Package xcolor Info: Model `HSB' substituted by `hsb' on input line 1369.
Package xcolor Info: Model `Gray' substituted by `gray' on input line 1370.
Package xcolor Info: Model `wave' substituted by `hsb' on input line 1371.
)
\sphinxverbatimsep=\dimen167
\sphinxverbatimborder=\dimen168
\sphinxshadowsep=\dimen169
\sphinxshadowsize=\dimen170
\sphinxshadowrule=\dimen171
\spx@notice@border=\dimen172

(./sphinxoptionshyperref.sty
File: sphinxoptionshyperref.sty 2021/01/27 hyperref

(/usr/local/texlive/2021/texmf-dist/tex/latex/base/atbegshi-ltx.sty
Package: atbegshi-ltx 2020/08/17 v1.0a Emulation of the original atbegshi packa
ge
with kernel methods
))
(./sphinxoptionsgeometry.sty
File: sphinxoptionsgeometry.sty 2021/01/27 geometry
LaTeX Font Info:    Trying to load font information for T1+qtm on input line 17
.

(/usr/local/texlive/2021/texmf-dist/tex/latex/tex-gyre/t1qtm.fd
File: t1qtm.fd 2009/09/25 v1.2 font definition file for T1/qtm
))
(/usr/local/texlive/2021/texmf-dist/tex/latex/base/textcomp.sty
Package: textcomp 2020/02/02 v2.0n Standard LaTeX package
)
(/usr/local/texlive/2021/texmf-dist/tex/latex/float/float.sty
Package: float 2001/11/08 v1.3d Float enhancements (AL)
\c@float@type=\count267
\float@exts=\toks22
\float@box=\box66
\@float@everytoks=\toks23
\@floatcapt=\box67
)
(/usr/local/texlive/2021/texmf-dist/tex/latex/wrapfig/wrapfig.sty
\wrapoverhang=\dimen173
\WF@size=\dimen174
\c@WF@wrappedlines=\count268
\WF@box=\box68
\WF@everypar=\toks24
Package: wrapfig 2003/01/31  v 3.6
)
(/usr/local/texlive/2021/texmf-dist/tex/latex/capt-of/capt-of.sty
Package: capt-of 2009/12/29 v0.2 standard captions outside of floats
)
(/usr/local/texlive/2021/texmf-dist/tex/latex/tools/multicol.sty
Package: multicol 2019/12/09 v1.8y multicolumn formatting (FMi)
\c@tracingmulticols=\count269
\mult@box=\box69
\multicol@leftmargin=\dimen175
\c@unbalance=\count270
\c@collectmore=\count271
\doublecol@number=\count272
\multicoltolerance=\count273
\multicolpretolerance=\count274
\full@width=\dimen176
\page@free=\dimen177
\premulticols=\dimen178
\postmulticols=\dimen179
\multicolsep=\skip52
\multicolbaselineskip=\skip53
\partial@page=\box70
\last@line=\box71
\maxbalancingoverflow=\dimen180
\mult@rightbox=\box72
\mult@grightbox=\box73
\mult@gfirstbox=\box74
\mult@firstbox=\box75
\@tempa=\box76
\@tempa=\box77
\@tempa=\box78
\@tempa=\box79
\@tempa=\box80
\@tempa=\box81
\@tempa=\box82
\@tempa=\box83
\@tempa=\box84
\@tempa=\box85
\@tempa=\box86
\@tempa=\box87
\@tempa=\box88
\@tempa=\box89
\@tempa=\box90
\@tempa=\box91
\@tempa=\box92
\@tempa=\box93
\@tempa=\box94
\@tempa=\box95
\@tempa=\box96
\@tempa=\box97
\@tempa=\box98
\@tempa=\box99
\@tempa=\box100
\@tempa=\box101
\@tempa=\box102
\@tempa=\box103
\@tempa=\box104
\@tempa=\box105
\@tempa=\box106
\@tempa=\box107
\@tempa=\box108
\@tempa=\box109
\@tempa=\box110
\@tempa=\box111
\@tempa=\box112
\c@minrows=\count275
\c@columnbadness=\count276
\c@finalcolumnbadness=\count277
\last@try=\dimen181
\multicolovershoot=\dimen182
\multicolundershoot=\dimen183
\mult@nat@firstbox=\box113
\colbreak@box=\box114
\mc@col@check@num=\count278
)
(/usr/local/texlive/2021/texmf-dist/tex/latex/graphics/graphicx.sty
Package: graphicx 2020/09/09 v1.2b Enhanced LaTeX Graphics (DPC,SPQR)

(/usr/local/texlive/2021/texmf-dist/tex/latex/graphics/graphics.sty
Package: graphics 2020/08/30 v1.4c Standard LaTeX Graphics (DPC,SPQR)

(/usr/local/texlive/2021/texmf-dist/tex/latex/graphics/trig.sty
Package: trig 2016/01/03 v1.10 sin cos tan (DPC)
)
(/usr/local/texlive/2021/texmf-dist/tex/latex/graphics-cfg/graphics.cfg
File: graphics.cfg 2016/06/04 v1.11 sample graphics configuration
)
Package graphics Info: Driver file: dvipdfmx.def on input line 105.
)
\Gin@req@height=\dimen184
\Gin@req@width=\dimen185
)
(./sphinxlatexgraphics.sty
File: sphinxlatexgraphics.sty 2021/01/27 graphics
\spx@image@maxheight=\dimen186
\spx@image@box=\box115
) (./sphinxlatexadmonitions.sty
File: sphinxlatexadmonitions.sty 2021/01/27 admonitions

(/usr/local/texlive/2021/texmf-dist/tex/latex/framed/framed.sty
Package: framed 2011/10/22 v 0.96: framed or shaded text with page breaks
\OuterFrameSep=\skip54
\fb@frw=\dimen187
\fb@frh=\dimen188
\FrameRule=\dimen189
\FrameSep=\dimen190
))
(./sphinxlatexliterals.sty
File: sphinxlatexliterals.sty 2021/12/06 code-blocks and parsed literals

(/usr/local/texlive/2021/texmf-dist/tex/latex/fancyvrb/fancyvrb.sty
Package: fancyvrb 2021/01/20 v3.7 verbatim text (tvz,hv)
\FV@CodeLineNo=\count279
\FV@InFile=\read2
\FV@TabBox=\box116
\c@FancyVerbLine=\count280
\FV@StepNumber=\count281
\FV@OutFile=\write3
)
(/usr/local/texlive/2021/texmf-dist/tex/latex/base/alltt.sty
Package: alltt 1997/06/16 v2.0g defines alltt environment
)
(/usr/local/texlive/2021/texmf-dist/tex/latex/upquote/upquote.sty
Package: upquote 2012/04/19 v1.3 upright-quote and grave-accent glyphs in verba
tim
)
(/usr/local/texlive/2021/texmf-dist/tex/latex/needspace/needspace.sty
Package: needspace 2010/09/12 v1.3d reserve vertical space
)
\sphinxcontinuationbox=\box117
\sphinxvisiblespacebox=\box118
\sphinxVerbatim@TitleBox=\box119
\sphinxVerbatim@ContentsBox=\box120
\spx@scratchbox=\box121
)
(./sphinxlatexshadowbox.sty
File: sphinxlatexshadowbox.sty 2021/01/27 sphinxShadowBox
) (./sphinxlatexcontainers.sty
File: sphinxlatexcontainers.sty 2021/05/03 containers
)
(./sphinxhighlight.sty
Package: sphinxhighlight 2016/05/29 stylesheet for highlighting with pygments
) (./sphinxlatextables.sty
File: sphinxlatextables.sty 2021/01/27 tables

(/usr/local/texlive/2021/texmf-dist/tex/latex/tabulary/tabulary.sty
Package: tabulary 2014/06/11 v0.10 tabulary package (DPC)

(/usr/local/texlive/2021/texmf-dist/tex/latex/tools/array.sty
Package: array 2020/10/01 v2.5c Tabular extension package (FMi)
\col@sep=\dimen191
\ar@mcellbox=\box122
\extrarowheight=\dimen192
\NC@list=\toks25
\extratabsurround=\skip55
\backup@length=\skip56
\ar@cellbox=\box123
)
\TY@count=\count282
\TY@linewidth=\dimen193
\tymin=\dimen194
\tymax=\dimen195
\TY@tablewidth=\dimen196
)
(/usr/local/texlive/2021/texmf-dist/tex/latex/tools/longtable.sty
Package: longtable 2020/01/07 v4.13 Multi-page Table package (DPC)
\LTleft=\skip57
\LTright=\skip58
\LTpre=\skip59
\LTpost=\skip60
\LTchunksize=\count283
\LTcapwidth=\dimen197
\LT@head=\box124
\LT@firsthead=\box125
\LT@foot=\box126
\LT@lastfoot=\box127
\LT@cols=\count284
\LT@rows=\count285
\c@LT@tables=\count286
\c@LT@chunks=\count287
\LT@p@ftn=\toks26
)
(/usr/local/texlive/2021/texmf-dist/tex/latex/varwidth/varwidth.sty
Package: varwidth 2009/03/30 ver 0.92;  Variable-width minipages
\@vwid@box=\box128
\sift@deathcycles=\count288
\@vwid@loff=\dimen198
\@vwid@roff=\dimen199
)
\sphinx@TY@tablewidth=\dimen256
)
(./sphinxlatexnumfig.sty
File: sphinxlatexnumfig.sty 2021/01/27 numbering
) (./sphinxlatexlists.sty
File: sphinxlatexlists.sty 2021/12/20 lists
\spx@lineitemlabel=\toks27
)
\c@sphinxscope=\count289
 (./sphinxpackagefootnote.sty
Package: sphinxpackagefootnote 2022/02/12 v4.5.0 Sphinx custom footnotehyper pa
ckage (Sphinx team)
\FNH@notes=\box129
\FNH@toks=\toks28
\FNH@width=\dimen257
\c@sphinxfootnotemark=\count290
) (./sphinxlatexindbibtoc.sty
File: sphinxlatexindbibtoc.sty 2021/01/27 index, bib., toc

(/usr/local/texlive/2021/texmf-dist/tex/latex/base/makeidx.sty
Package: makeidx 2014/09/29 v1.0m Standard LaTeX package
))
(./sphinxlatexstylepage.sty
File: sphinxlatexstylepage.sty 2021/01/27 page styling

(/usr/local/texlive/2021/texmf-dist/tex/latex/parskip/parskip.sty
Rollback for package 'parskip' requested -> version 'v1'.
         This corresponds to the release introduced on 2001-04-09.

(/usr/local/texlive/2021/texmf-dist/tex/latex/parskip/parskip-2001-04-09.sty
Package: parskip 2001/04/09 non-zero parskip adjustments
))
(/usr/local/texlive/2021/texmf-dist/tex/latex/fancyhdr/fancyhdr.sty
Package: fancyhdr 2021/01/28 v4.0.1 Extensive control of page headers and foote
rs
\f@nch@headwidth=\skip61
\f@nch@O@elh=\skip62
\f@nch@O@erh=\skip63
\f@nch@O@olh=\skip64
\f@nch@O@orh=\skip65
\f@nch@O@elf=\skip66
\f@nch@O@erf=\skip67
\f@nch@O@olf=\skip68
\f@nch@O@orf=\skip69
))
(./sphinxlatexstyleheadings.sty
File: sphinxlatexstyleheadings.sty 2021/01/27 headings

(/usr/local/texlive/2021/texmf-dist/tex/latex/titlesec/titlesec.sty
Package: titlesec 2019/10/16 v2.13 Sectioning titles
\ttl@box=\box130
\beforetitleunit=\skip70
\aftertitleunit=\skip71
\ttl@plus=\dimen258
\ttl@minus=\dimen259
\ttl@toksa=\toks29
\titlewidth=\dimen260
\titlewidthlast=\dimen261
\titlewidthfirst=\dimen262
))
(./sphinxlatexstyletext.sty
File: sphinxlatexstyletext.sty 2021/12/06 text styling
) (./sphinxlatexobjects.sty
File: sphinxlatexobjects.sty 2022/01/13 documentation environments
\sphinxsignaturesep=\skip72
\py@argswidth=\skip73
\lineblockindentation=\skip74
\DUlineblockindent=\skip75
))
(/usr/local/texlive/2021/texmf-dist/tex/latex/geometry/geometry.sty
Package: geometry 2020/01/02 v5.9 Page Geometry

(/usr/local/texlive/2021/texmf-dist/tex/generic/iftex/ifvtex.sty
Package: ifvtex 2019/10/25 v1.7 ifvtex legacy package. Use iftex instead.

(/usr/local/texlive/2021/texmf-dist/tex/generic/iftex/iftex.sty
Package: iftex 2020/03/06 v1.0d TeX engine tests
))
\Gm@cnth=\count291
\Gm@cntv=\count292
\c@Gm@tempcnt=\count293
\Gm@bindingoffset=\dimen263
\Gm@wd@mp=\dimen264
\Gm@odd@mp=\dimen265
\Gm@even@mp=\dimen266
\Gm@layoutwidth=\dimen267
\Gm@layoutheight=\dimen268
\Gm@layouthoffset=\dimen269
\Gm@layoutvoffset=\dimen270
\Gm@dimlist=\toks30


Package geometry Warning: \topskip was changed from 8.46753pt to 10.49995pt.

) (/usr/local/texlive/2021/texmf-dist/tex/latex/hyperref/hyperref.sty
Package: hyperref 2021-02-27 v7.00k Hypertext links for LaTeX

(/usr/local/texlive/2021/texmf-dist/tex/generic/pdftexcmds/pdftexcmds.sty
Package: pdftexcmds 2020-06-27 v0.33 Utility functions of pdfTeX for LuaTeX (HO
)

(/usr/local/texlive/2021/texmf-dist/tex/generic/infwarerr/infwarerr.sty
Package: infwarerr 2019/12/03 v1.5 Providing info/warning/error messages (HO)
)
Package pdftexcmds Info: \pdf@primitive is available.
Package pdftexcmds Info: \pdf@ifprimitive is available.
Package pdftexcmds Info: \pdfdraftmode not found.
)
(/usr/local/texlive/2021/texmf-dist/tex/generic/kvdefinekeys/kvdefinekeys.sty
Package: kvdefinekeys 2019-12-19 v1.6 Define keys (HO)
)
(/usr/local/texlive/2021/texmf-dist/tex/generic/pdfescape/pdfescape.sty
Package: pdfescape 2019/12/09 v1.15 Implements pdfTeX's escape features (HO)
)
(/usr/local/texlive/2021/texmf-dist/tex/latex/hycolor/hycolor.sty
Package: hycolor 2020-01-27 v1.10 Color options for hyperref/bookmark (HO)
)
(/usr/local/texlive/2021/texmf-dist/tex/latex/letltxmacro/letltxmacro.sty
Package: letltxmacro 2019/12/03 v1.6 Let assignment for LaTeX macros (HO)
)
(/usr/local/texlive/2021/texmf-dist/tex/latex/auxhook/auxhook.sty
Package: auxhook 2019-12-17 v1.6 Hooks for auxiliary files (HO)
)
\@linkdim=\dimen271
\Hy@linkcounter=\count294
\Hy@pagecounter=\count295

(/usr/local/texlive/2021/texmf-dist/tex/latex/hyperref/pd1enc.def
File: pd1enc.def 2021-02-27 v7.00k Hyperref: PDFDocEncoding definition (HO)
Now handling font encoding PD1 ...
... no UTF-8 mapping file for font encoding PD1
)
(/usr/local/texlive/2021/texmf-dist/tex/latex/hyperref/hyperref-langpatches.def
File: hyperref-langpatches.def 2021-02-27 v7.00k Hyperref: patches for babel la
nguages
) (/usr/local/texlive/2021/texmf-dist/tex/generic/intcalc/intcalc.sty
Package: intcalc 2019/12/15 v1.3 Expandable calculations with integers (HO)
)
(/usr/local/texlive/2021/texmf-dist/tex/generic/etexcmds/etexcmds.sty
Package: etexcmds 2019/12/15 v1.7 Avoid name clashes with e-TeX commands (HO)
)
\Hy@SavedSpaceFactor=\count296

(/usr/local/texlive/2021/texmf-dist/tex/latex/hyperref/puenc.def
File: puenc.def 2021-02-27 v7.00k Hyperref: PDF Unicode definition (HO)
Now handling font encoding PU ...
... no UTF-8 mapping file for font encoding PU
)
Package hyperref Info: Option `colorlinks' set `true' on input line 4073.
Package hyperref Info: Option `breaklinks' set `true' on input line 4073.
Package hyperref Info: Hyper figures OFF on input line 4192.
Package hyperref Info: Link nesting OFF on input line 4197.
Package hyperref Info: Hyper index ON on input line 4200.
Package hyperref Info: Plain pages OFF on input line 4207.
Package hyperref Info: Backreferencing OFF on input line 4212.
Package hyperref Info: Implicit mode ON; LaTeX internals redefined.
Package hyperref Info: Bookmarks ON on input line 4445.
\c@Hy@tempcnt=\count297

(/usr/local/texlive/2021/texmf-dist/tex/latex/url/url.sty
\Urlmuskip=\muskip17
Package: url 2013/09/16  ver 3.4  Verb mode for urls, etc.
)
LaTeX Info: Redefining \url on input line 4804.
\XeTeXLinkMargin=\dimen272

(/usr/local/texlive/2021/texmf-dist/tex/generic/bitset/bitset.sty
Package: bitset 2019/12/09 v1.3 Handle bit-vector datatype (HO)

(/usr/local/texlive/2021/texmf-dist/tex/generic/bigintcalc/bigintcalc.sty
Package: bigintcalc 2019/12/15 v1.5 Expandable calculations on big integers (HO
)
))
\Fld@menulength=\count298
\Field@Width=\dimen273
\Fld@charsize=\dimen274
Package hyperref Info: Hyper figures OFF on input line 6075.
Package hyperref Info: Link nesting OFF on input line 6080.
Package hyperref Info: Hyper index ON on input line 6083.
Package hyperref Info: backreferencing OFF on input line 6090.
Package hyperref Info: Link coloring ON on input line 6093.
Package hyperref Info: Link coloring with OCG OFF on input line 6100.
Package hyperref Info: PDF/A mode OFF on input line 6105.
LaTeX Info: Redefining \ref on input line 6145.
LaTeX Info: Redefining \pageref on input line 6149.
\Hy@abspage=\count299
\c@Item=\count300
\c@Hfootnote=\count301
)
Package hyperref Info: Driver: hdvipdfm.

(/usr/local/texlive/2021/texmf-dist/tex/latex/hyperref/hdvipdfm.def
File: hdvipdfm.def 2021-02-27 v7.00k Hyperref driver for dvipdfm
\pdfm@box=\box131
\c@Hy@AnnotLevel=\count302
\HyField@AnnotCount=\count303
\Fld@listcount=\count304
\c@bookmark@seq@number=\count305

(/usr/local/texlive/2021/texmf-dist/tex/latex/rerunfilecheck/rerunfilecheck.sty
Package: rerunfilecheck 2019/12/05 v1.9 Rerun checks for auxiliary files (HO)
(/usr/local/texlive/2021/texmf-dist/tex/latex/base/atveryend-ltx.sty
Package: atveryend-ltx 2020/08/19 v1.0a Emulation of the original atvery packag
e
with kernel methods
)
(/usr/local/texlive/2021/texmf-dist/tex/generic/uniquecounter/uniquecounter.sty
Package: uniquecounter 2019/12/15 v1.4 Provide unlimited unique counter (HO)
)
Package uniquecounter Info: New unique counter `rerunfilecheck' on input line 2
86.
)
\Hy@SectionHShift=\skip76
) (/usr/local/texlive/2021/texmf-dist/tex/latex/oberdiek/hypcap.sty
Package: hypcap 2016/05/16 v1.12 Adjusting the anchors of captions (HO)
)
(/usr/local/texlive/2021/texmf-dist/tex/platex/pxjahyper/pxjahyper.sty
Package: pxjahyper 2021/02/26 v0.7b

(/usr/local/texlive/2021/texmf-dist/tex/latex/etoolbox/etoolbox.sty
Package: etoolbox 2020/10/05 v2.5k e-TeX tools for LaTeX (JAW)
\etb@tempcnta=\count306
)
(/usr/local/texlive/2021/texmf-dist/tex/platex/pxjahyper/pxjahyper-enc.sty
Package: pxjahyper-enc 2021/02/26 v0.7b
)
(/usr/local/texlive/2021/texmf-dist/tex/latex/bxjatoucs/bxjatoucs.sty
Package: bxjatoucs 2019/10/20 v0.2
)
Package pxjahyper Info: The setup for hyperref 'unicode' is applied.
)
(./sphinxmessages.sty
Package: sphinxmessages 2019/01/04 v2.0 Localized LaTeX macros (Sphinx team)
)
\@indexfile=\write4
\openout4 = `r2d2.idx'.


Writing index file r2d2.idx
(/usr/local/texlive/2021/texmf-dist/tex/latex/l3backend/l3backend-dvipdfmx.def
File: l3backend-dvipdfmx.def 2021-03-18 L3 backend support: dvipdfmx

(|extractbb --version)
\c__kernel_sys_dvipdfmx_version_int=\count307
\l__color_backend_stack_int=\count308
\g__color_backend_stack_int=\count309
\g__graphics_track_int=\count310
\l__pdf_internal_box=\box132
\g__pdf_backend_object_int=\count311
\g__pdf_backend_annotation_int=\count312
\g__pdf_backend_link_int=\count313
)

LaTeX Warning: Unused global option(s):
    [letterpaper,report].

(./r2d2.aux)
\openout1 = `r2d2.aux'.

LaTeX Font Info:    Checking defaults for OML/cmm/m/it on input line 57.
LaTeX Font Info:    ... okay on input line 57.
LaTeX Font Info:    Checking defaults for OMS/cmsy/m/n on input line 57.
LaTeX Font Info:    ... okay on input line 57.
LaTeX Font Info:    Checking defaults for OT1/cmr/m/n on input line 57.
LaTeX Font Info:    ... okay on input line 57.
LaTeX Font Info:    Checking defaults for T1/cmr/m/n on input line 57.
LaTeX Font Info:    ... okay on input line 57.
LaTeX Font Info:    Checking defaults for TS1/cmr/m/n on input line 57.
LaTeX Font Info:    ... okay on input line 57.
LaTeX Font Info:    Checking defaults for OMX/cmex/m/n on input line 57.
LaTeX Font Info:    ... okay on input line 57.
LaTeX Font Info:    Checking defaults for U/cmr/m/n on input line 57.
LaTeX Font Info:    ... okay on input line 57.
LaTeX Font Info:    Checking defaults for JY2/mc/m/n on input line 57.
LaTeX Font Info:    ... okay on input line 57.
LaTeX Font Info:    Checking defaults for JT2/mc/m/n on input line 57.
LaTeX Font Info:    ... okay on input line 57.
LaTeX Font Info:    Checking defaults for PD1/pdf/m/n on input line 57.
LaTeX Font Info:    ... okay on input line 57.
LaTeX Font Info:    Checking defaults for PU/pdf/m/n on input line 57.
LaTeX Font Info:    ... okay on input line 57.
\c@literalblock=\count314

*geometry* detected driver: dvipdfm
*geometry* verbose mode - [ preamble ] result:
* driver: dvipdfm
* paper: letterpaper
* layout: <same size as paper>
* layoutoffset:(h,v)=(0.0pt,0.0pt)
* lines: 47
* hratio: 1:1
* vratio: 1:1
* modes: twoside 
* h-part:(L,W,R)=(81.02597pt, 452.24304pt, 81.02599pt)
* v-part:(T,H,B)=(47.23502pt, 700.49995pt, 47.23502pt)
* \paperwidth=614.295pt
* \paperheight=794.96999pt
* \textwidth=452.24304pt
* \textheight=700.49995pt
* \oddsidemargin=8.75598pt
* \evensidemargin=8.756pt
* \topmargin=-55.10246pt
* \headheight=12.0pt
* \headsep=18.06749pt
* \topskip=10.49995pt
* \footskip=30.0pt
* \marginparwidth=38.48877pt
* \marginparsep=10.0pt
* \columnsep=10.0pt
* \skip\footins=9.0pt plus 4.0pt minus 2.0pt
* \hoffset=0.0pt
* \voffset=0.0pt
* \mag=1000
* \@twocolumnfalse
* \@twosidetrue
* \@mparswitchtrue
* \@reversemarginfalse
* (1in=72.27pt=25.4mm, 1cm=28.453pt)

Package hyperref Info: Link coloring ON on input line 57.
(/usr/local/texlive/2021/texmf-dist/tex/latex/hyperref/nameref.sty
Package: nameref 2021-04-02 v2.47 Cross-referencing by name of section

(/usr/local/texlive/2021/texmf-dist/tex/latex/refcount/refcount.sty
Package: refcount 2019/12/15 v3.6 Data extraction from label references (HO)
)
(/usr/local/texlive/2021/texmf-dist/tex/generic/gettitlestring/gettitlestring.s
ty
Package: gettitlestring 2019/12/15 v1.6 Cleanup title references (HO)
)
\c@section@level=\count315
)
LaTeX Info: Redefining \ref on input line 57.
LaTeX Info: Redefining \pageref on input line 57.
LaTeX Info: Redefining \nameref on input line 57.
 (./r2d2.out) (./r2d2.out)
\@outlinefile=\write5
\openout5 = `r2d2.out'.

Package hyperref Info: Option `pageanchor' set `false' on input line 60.
LaTeX Font Info:    Trying to load font information for T1+qhv on input line 60
.

(/usr/local/texlive/2021/texmf-dist/tex/latex/tex-gyre/t1qhv.fd
File: t1qhv.fd 2009/09/25 v1.2 font definition file for T1/qhv
)
LaTeX Font Info:    Font shape `JT2/mc/b/n' in size <10> not available
(Font)              Font shape `JT2/mc/bx/n' tried instead on input line 60.
LaTeX Font Info:    Font shape `JT2/mc/bx/n' in size <10> not available
(Font)              Font shape `JT2/gt/m/n' tried instead on input line 60.
LaTeX Font Info:    Font shape `JT2/gt/m/n' will be
(Font)              scaled to size 9.6222pt on input line 60.
LaTeX Font Info:    Font shape `JY2/mc/b/n' in size <10> not available
(Font)              Font shape `JY2/mc/bx/n' tried instead on input line 60.
LaTeX Font Info:    Font shape `JY2/mc/bx/n' in size <10> not available
(Font)              Font shape `JY2/gt/m/n' tried instead on input line 60.
LaTeX Font Info:    Font shape `JY2/gt/m/n' will be
(Font)              scaled to size 9.6222pt on input line 60.
LaTeX Font Info:    Font shape `JT2/mc/b/n' in size <24.88> not available
(Font)              Font shape `JT2/mc/bx/n' tried instead on input line 60.
LaTeX Font Info:    Font shape `JT2/mc/bx/n' in size <24.88> not available
(Font)              Font shape `JT2/gt/m/n' tried instead on input line 60.
LaTeX Font Info:    Font shape `JT2/gt/m/n' will be
(Font)              scaled to size 23.94002pt on input line 60.
LaTeX Font Info:    Font shape `JY2/mc/b/n' in size <24.88> not available
(Font)              Font shape `JY2/mc/bx/n' tried instead on input line 60.
LaTeX Font Info:    Font shape `JY2/mc/bx/n' in size <24.88> not available
(Font)              Font shape `JY2/gt/m/n' tried instead on input line 60.
LaTeX Font Info:    Font shape `JY2/gt/m/n' will be
(Font)              scaled to size 23.94002pt on input line 60.
LaTeX Font Info:    Kanji font shape `JY2/mc/b/it' undefined
(Font)              No change on input line 60.
LaTeX Font Info:    Font shape `JT2/mc/b/n' in size <17.28> not available
(Font)              Font shape `JT2/mc/bx/n' tried instead on input line 60.
LaTeX Font Info:    Font shape `JT2/mc/bx/n' in size <17.28> not available
(Font)              Font shape `JT2/gt/m/n' tried instead on input line 60.
LaTeX Font Info:    Font shape `JT2/gt/m/n' will be
(Font)              scaled to size 16.62714pt on input line 60.
LaTeX Font Info:    Font shape `JY2/mc/b/n' in size <17.28> not available
(Font)              Font shape `JY2/mc/bx/n' tried instead on input line 60.
LaTeX Font Info:    Font shape `JY2/mc/bx/n' in size <17.28> not available
(Font)              Font shape `JY2/gt/m/n' tried instead on input line 60.
LaTeX Font Info:    Font shape `JY2/gt/m/n' will be
(Font)              scaled to size 16.62714pt on input line 60.
LaTeX Font Info:    Font shape `JY2/mc/m/n' will be
(Font)              scaled to size 16.62714pt on input line 60.
LaTeX Font Info:    Font shape `JY2/mc/m/n' will be
(Font)              scaled to size 11.54663pt on input line 60.
LaTeX Font Info:    Trying to load font information for U+msa on input line 60.


(/usr/local/texlive/2021/texmf-dist/tex/latex/amsfonts/umsa.fd
File: umsa.fd 2013/01/14 v3.01 AMS symbols A
)
LaTeX Font Info:    Trying to load font information for U+msb on input line 60.


(/usr/local/texlive/2021/texmf-dist/tex/latex/amsfonts/umsb.fd
File: umsb.fd 2013/01/14 v3.01 AMS symbols B
)
LaTeX Font Info:    Font shape `JT2/mc/b/n' in size <12> not available
(Font)              Font shape `JT2/mc/bx/n' tried instead on input line 60.
LaTeX Font Info:    Font shape `JT2/mc/bx/n' in size <12> not available
(Font)              Font shape `JT2/gt/m/n' tried instead on input line 60.
LaTeX Font Info:    Font shape `JT2/gt/m/n' will be
(Font)              scaled to size 11.54663pt on input line 60.
LaTeX Font Info:    Font shape `JY2/mc/b/n' in size <12> not available
(Font)              Font shape `JY2/mc/bx/n' tried instead on input line 60.
LaTeX Font Info:    Font shape `JY2/mc/bx/n' in size <12> not available
(Font)              Font shape `JY2/gt/m/n' tried instead on input line 60.
LaTeX Font Info:    Font shape `JY2/gt/m/n' will be
(Font)              scaled to size 11.54663pt on input line 60.
 [1


] [2


]
LaTeX Font Info:    Font shape `JT2/mc/m/n' will be
(Font)              scaled to size 19.95642pt on input line 62.
LaTeX Font Info:    Font shape `JY2/mc/m/n' will be
(Font)              scaled to size 19.95642pt on input line 62.
LaTeX Font Info:    Font shape `JT2/mc/b/n' in size <20.74> not available
(Font)              Font shape `JT2/mc/bx/n' tried instead on input line 62.
LaTeX Font Info:    Font shape `JT2/mc/bx/n' in size <20.74> not available
(Font)              Font shape `JT2/gt/m/n' tried instead on input line 62.
LaTeX Font Info:    Font shape `JT2/gt/m/n' will be
(Font)              scaled to size 19.95642pt on input line 62.
LaTeX Font Info:    Font shape `JY2/mc/b/n' in size <20.74> not available
(Font)              Font shape `JY2/mc/bx/n' tried instead on input line 62.
LaTeX Font Info:    Font shape `JY2/mc/bx/n' in size <20.74> not available
(Font)              Font shape `JY2/gt/m/n' tried instead on input line 62.
LaTeX Font Info:    Font shape `JY2/gt/m/n' will be
(Font)              scaled to size 19.95642pt on input line 62.

(./r2d2.toc
LaTeX Font Info:    Font shape `JY2/mc/m/n' will be
(Font)              scaled to size 6.73553pt on input line 2.
LaTeX Font Info:    Font shape `JY2/mc/m/n' will be
(Font)              scaled to size 4.8111pt on input line 2.
 [1

])
\tf@toc=\write6
\openout6 = `r2d2.toc'.

 [2]
LaTeX Font Info:    Trying to load font information for T1+txtt on input line 7
7.

(/usr/local/texlive/2021/texmf-dist/tex/latex/txfonts/t1txtt.fd
File: t1txtt.fd 2000/12/15 v3.1
)
File: R2D2_logo_red.png Graphic file (type bmp)
<R2D2_logo_red.png>


Package fancyhdr Warning: \headheight is too small (12.0pt): 
(fancyhdr)                Make it at least 15.0pt, for example:
(fancyhdr)                \setlength{\headheight}{15.0pt}.
(fancyhdr)                You might also make \topmargin smaller to compensate:

(fancyhdr)                \addtolength{\topmargin}{-3.0pt}.

[1

] [2

]
第 1 章
LaTeX Font Info:    Font shape `JT2/mc/m/n' will be
(Font)              scaled to size 13.85594pt on input line 85.
LaTeX Font Info:    Font shape `JY2/mc/m/n' will be
(Font)              scaled to size 13.85594pt on input line 85.
LaTeX Font Info:    Font shape `JT2/mc/b/n' in size <14.4> not available
(Font)              Font shape `JT2/mc/bx/n' tried instead on input line 85.
LaTeX Font Info:    Font shape `JT2/mc/bx/n' in size <14.4> not available
(Font)              Font shape `JT2/gt/m/n' tried instead on input line 85.
LaTeX Font Info:    Font shape `JT2/gt/m/n' will be
(Font)              scaled to size 13.85594pt on input line 85.
LaTeX Font Info:    Font shape `JY2/mc/b/n' in size <14.4> not available
(Font)              Font shape `JY2/mc/bx/n' tried instead on input line 85.
LaTeX Font Info:    Font shape `JY2/mc/bx/n' in size <14.4> not available
(Font)              Font shape `JY2/gt/m/n' tried instead on input line 85.
LaTeX Font Info:    Font shape `JY2/gt/m/n' will be
(Font)              scaled to size 13.85594pt on input line 85.
LaTeX Font Info:    Font shape `JT2/mc/m/n' will be
(Font)              scaled to size 4.8111pt on input line 90.
LaTeX Font Info:    Font shape `JT2/mc/m/n' will be
(Font)              scaled to size 7.69775pt on input line 177.
LaTeX Font Info:    Font shape `JY2/mc/m/n' will be
(Font)              scaled to size 7.69775pt on input line 177.

Overfull \vbox (1.25163pt too high) detected at line 177
 []

[3]
Underfull \vbox (badness 10000) detected at line 177
 []


Overfull \vbox (3.18002pt too high) detected at line 177
 []


Package fancyhdr Warning: \headheight is too small (12.0pt): 
(fancyhdr)                Make it at least 15.0pt, for example:
(fancyhdr)                \setlength{\headheight}{15.0pt}.
(fancyhdr)                You might also make \topmargin smaller to compensate:

(fancyhdr)                \addtolength{\topmargin}{-3.0pt}.

[4]
LaTeX Font Info:    Trying to load font information for TS1+qtm on input line 1
82.
 (/usr/local/texlive/2021/texmf-dist/tex/latex/tex-gyre/ts1qtm.fd
File: ts1qtm.fd 2009/09/25 v1.2 font definition file for TS1/qtm
)

Package fancyhdr Warning: \headheight is too small (12.0pt): 
(fancyhdr)                Make it at least 15.0pt, for example:
(fancyhdr)                \setlength{\headheight}{15.0pt}.
(fancyhdr)                You might also make \topmargin smaller to compensate:

(fancyhdr)                \addtolength{\topmargin}{-3.0pt}.

[5]

Package fancyhdr Warning: \headheight is too small (12.0pt): 
(fancyhdr)                Make it at least 15.0pt, for example:
(fancyhdr)                \setlength{\headheight}{15.0pt}.
(fancyhdr)                You might also make \topmargin smaller to compensate:

(fancyhdr)                \addtolength{\topmargin}{-3.0pt}.

[6]
LaTeX Font Info:    Kanji font shape `JY2/gt/m/it' undefined
(Font)              No change on input line 373.
LaTeX Font Info:    Font shape `T1/txtt/b/n' in size <10> not available
(Font)              Font shape `T1/txtt/bx/n' tried instead on input line 384.


Package fancyhdr Warning: \headheight is too small (12.0pt): 
(fancyhdr)                Make it at least 15.0pt, for example:
(fancyhdr)                \setlength{\headheight}{15.0pt}.
(fancyhdr)                You might also make \topmargin smaller to compensate:

(fancyhdr)                \addtolength{\topmargin}{-3.0pt}.

[7]
LaTeX Font Info:    Kanji font shape `JY2/mc/m/it' undefined
(Font)              No change on input line 428.
LaTeX Font Info:    Font shape `T1/txtt/m/it' in size <10> not available
(Font)              Font shape `T1/txtt/m/sl' tried instead on input line 428.
LaTeX Font Info:    Kanji font shape `JY2/mc/m/it' undefined
(Font)              No change on input line 431.
LaTeX Font Info:    Kanji font shape `JY2/mc/m/it' undefined
(Font)              No change on input line 432.
LaTeX Font Info:    Kanji font shape `JY2/mc/m/it' undefined
(Font)              No change on input line 433.
LaTeX Font Info:    Kanji font shape `JY2/mc/m/it' undefined
(Font)              No change on input line 434.


Package fancyhdr Warning: \headheight is too small (12.0pt): 
(fancyhdr)                Make it at least 15.0pt, for example:
(fancyhdr)                \setlength{\headheight}{15.0pt}.
(fancyhdr)                You might also make \topmargin smaller to compensate:

(fancyhdr)                \addtolength{\topmargin}{-3.0pt}.

[8]
第 2 章
LaTeX Font Info:    Font shape `JT2/mc/m/n' will be
(Font)              scaled to size 11.54663pt on input line 495.
[9

]
LaTeX Font Info:    Trying to load font information for TS1+txtt on input line 
612.
 (/usr/local/texlive/2021/texmf-dist/tex/latex/txfonts/ts1txtt.fd
File: ts1txtt.fd 2000/12/15 v3.1
)

Package fancyhdr Warning: \headheight is too small (12.0pt): 
(fancyhdr)                Make it at least 15.0pt, for example:
(fancyhdr)                \setlength{\headheight}{15.0pt}.
(fancyhdr)                You might also make \topmargin smaller to compensate:

(fancyhdr)                \addtolength{\topmargin}{-3.0pt}.

[10]

Package fancyhdr Warning: \headheight is too small (12.0pt): 
(fancyhdr)                Make it at least 15.0pt, for example:
(fancyhdr)                \setlength{\headheight}{15.0pt}.
(fancyhdr)                You might also make \topmargin smaller to compensate:

(fancyhdr)                \addtolength{\topmargin}{-3.0pt}.

[11]
File: gen_project1.png Graphic file (type bmp)
<gen_project1.png>
File: gen_project2.png Graphic file (type bmp)
<gen_project2.png>
File: google_drive1.png Graphic file (type bmp)
<google_drive1.png>
File: google_drive2.png Graphic file (type bmp)
<google_drive2.png>


Package fancyhdr Warning: \headheight is too small (12.0pt): 
(fancyhdr)                Make it at least 15.0pt, for example:
(fancyhdr)                \setlength{\headheight}{15.0pt}.
(fancyhdr)                You might also make \topmargin smaller to compensate:

(fancyhdr)                \addtolength{\topmargin}{-3.0pt}.

[12]
File: google_sheet1.png Graphic file (type bmp)
<google_sheet1.png>
File: google_sheet2.png Graphic file (type bmp)
<google_sheet2.png>
File: service_account1.png Graphic file (type bmp)
<service_account1.png>
File: service_account2.png Graphic file (type bmp)
<service_account2.png>


Package fancyhdr Warning: \headheight is too small (12.0pt): 
(fancyhdr)                Make it at least 15.0pt, for example:
(fancyhdr)                \setlength{\headheight}{15.0pt}.
(fancyhdr)                You might also make \topmargin smaller to compensate:

(fancyhdr)                \addtolength{\topmargin}{-3.0pt}.

[13]
File: service_account3.png Graphic file (type bmp)
<service_account3.png>
File: service_account4.png Graphic file (type bmp)
<service_account4.png>


Package fancyhdr Warning: \headheight is too small (12.0pt): 
(fancyhdr)                Make it at least 15.0pt, for example:
(fancyhdr)                \setlength{\headheight}{15.0pt}.
(fancyhdr)                You might also make \topmargin smaller to compensate:

(fancyhdr)                \addtolength{\topmargin}{-3.0pt}.

[14]
File: spread_sheet1.png Graphic file (type bmp)
<spread_sheet1.png>
File: spread_sheet2.png Graphic file (type bmp)
<spread_sheet2.png>


Package fancyhdr Warning: \headheight is too small (12.0pt): 
(fancyhdr)                Make it at least 15.0pt, for example:
(fancyhdr)                \setlength{\headheight}{15.0pt}.
(fancyhdr)                You might also make \topmargin smaller to compensate:

(fancyhdr)                \addtolength{\topmargin}{-3.0pt}.

[15]

Package fancyhdr Warning: \headheight is too small (12.0pt): 
(fancyhdr)                Make it at least 15.0pt, for example:
(fancyhdr)                \setlength{\headheight}{15.0pt}.
(fancyhdr)                You might also make \topmargin smaller to compensate:

(fancyhdr)                \addtolength{\topmargin}{-3.0pt}.

[16]
第 3 章
LaTeX Font Info:    Kanji font shape `JY2/mc/m/it' undefined
(Font)              No change on input line 802.
LaTeX Font Info:    Kanji font shape `JY2/mc/m/it' undefined
(Font)              No change on input line 804.
LaTeX Font Info:    Kanji font shape `JY2/mc/m/it' undefined
(Font)              No change on input line 807.
LaTeX Font Info:    Kanji font shape `JY2/mc/m/it' undefined
(Font)              No change on input line 811.
LaTeX Font Info:    Kanji font shape `JY2/mc/m/it' undefined
(Font)              No change on input line 816.
[17

]
LaTeX Font Info:    Kanji font shape `JY2/mc/m/it' undefined
(Font)              No change on input line 844.
LaTeX Font Info:    Kanji font shape `JY2/mc/m/it' undefined
(Font)              No change on input line 846.
LaTeX Font Info:    Kanji font shape `JY2/mc/m/it' undefined
(Font)              No change on input line 851.
LaTeX Font Info:    Kanji font shape `JY2/mc/m/it' undefined
(Font)              No change on input line 859.


Package fancyhdr Warning: \headheight is too small (12.0pt): 
(fancyhdr)                Make it at least 15.0pt, for example:
(fancyhdr)                \setlength{\headheight}{15.0pt}.
(fancyhdr)                You might also make \topmargin smaller to compensate:

(fancyhdr)                \addtolength{\topmargin}{-3.0pt}.

[18]
LaTeX Font Info:    Kanji font shape `JY2/mc/m/it' undefined
(Font)              No change on input line 875.
LaTeX Font Info:    Kanji font shape `JY2/mc/m/it' undefined
(Font)              No change on input line 877.
LaTeX Font Info:    Kanji font shape `JY2/mc/m/it' undefined
(Font)              No change on input line 879.
LaTeX Font Info:    Kanji font shape `JY2/mc/m/it' undefined
(Font)              No change on input line 881.
LaTeX Font Info:    Kanji font shape `JY2/mc/m/it' undefined
(Font)              No change on input line 883.
LaTeX Font Info:    Kanji font shape `JY2/mc/m/it' undefined
(Font)              No change on input line 884.


Package fancyhdr Warning: \headheight is too small (12.0pt): 
(fancyhdr)                Make it at least 15.0pt, for example:
(fancyhdr)                \setlength{\headheight}{15.0pt}.
(fancyhdr)                You might also make \topmargin smaller to compensate:

(fancyhdr)                \addtolength{\topmargin}{-3.0pt}.

[19]
File: photosphere.png Graphic file (type bmp)
<photosphere.png>
LaTeX Font Info:    Kanji font shape `JY2/mc/m/it' undefined
(Font)              No change on input line 986.
LaTeX Font Info:    Kanji font shape `JY2/mc/m/it' undefined
(Font)              No change on input line 988.
LaTeX Font Info:    Kanji font shape `JY2/mc/m/it' undefined
(Font)              No change on input line 990.
LaTeX Font Info:    Kanji font shape `JY2/mc/m/it' undefined
(Font)              No change on input line 993.
LaTeX Font Info:    Kanji font shape `JY2/mc/m/it' undefined
(Font)              No change on input line 995.
LaTeX Font Info:    Kanji font shape `JY2/mc/m/it' undefined
(Font)              No change on input line 1000.


Package fancyhdr Warning: \headheight is too small (12.0pt): 
(fancyhdr)                Make it at least 15.0pt, for example:
(fancyhdr)                \setlength{\headheight}{15.0pt}.
(fancyhdr)                You might also make \topmargin smaller to compensate:

(fancyhdr)                \addtolength{\topmargin}{-3.0pt}.

[20]
LaTeX Font Info:    Kanji font shape `JY2/mc/m/it' undefined
(Font)              No change on input line 1034.
LaTeX Font Info:    Kanji font shape `JY2/mc/m/it' undefined
(Font)              No change on input line 1036.
LaTeX Font Info:    Kanji font shape `JY2/mc/m/it' undefined
(Font)              No change on input line 1041.
LaTeX Font Info:    Kanji font shape `JY2/mc/m/it' undefined
(Font)              No change on input line 1049.


Package fancyhdr Warning: \headheight is too small (12.0pt): 
(fancyhdr)                Make it at least 15.0pt, for example:
(fancyhdr)                \setlength{\headheight}{15.0pt}.
(fancyhdr)                You might also make \topmargin smaller to compensate:

(fancyhdr)                \addtolength{\topmargin}{-3.0pt}.

[21]
LaTeX Font Info:    Kanji font shape `JY2/mc/m/it' undefined
(Font)              No change on input line 1065.
LaTeX Font Info:    Kanji font shape `JY2/mc/m/it' undefined
(Font)              No change on input line 1067.
LaTeX Font Info:    Kanji font shape `JY2/mc/m/it' undefined
(Font)              No change on input line 1069.
LaTeX Font Info:    Kanji font shape `JY2/mc/m/it' undefined
(Font)              No change on input line 1071.
LaTeX Font Info:    Kanji font shape `JY2/mc/m/it' undefined
(Font)              No change on input line 1073.
LaTeX Font Info:    Kanji font shape `JY2/mc/m/it' undefined
(Font)              No change on input line 1074.
LaTeX Font Info:    Kanji font shape `JY2/mc/m/it' undefined
(Font)              No change on input line 1075.


Package fancyhdr Warning: \headheight is too small (12.0pt): 
(fancyhdr)                Make it at least 15.0pt, for example:
(fancyhdr)                \setlength{\headheight}{15.0pt}.
(fancyhdr)                You might also make \topmargin smaller to compensate:

(fancyhdr)                \addtolength{\topmargin}{-3.0pt}.

[22]
LaTeX Font Info:    Kanji font shape `JY2/mc/m/it' undefined
(Font)              No change on input line 1138.


Package fancyhdr Warning: \headheight is too small (12.0pt): 
(fancyhdr)                Make it at least 15.0pt, for example:
(fancyhdr)                \setlength{\headheight}{15.0pt}.
(fancyhdr)                You might also make \topmargin smaller to compensate:

(fancyhdr)                \addtolength{\topmargin}{-3.0pt}.

[23]
LaTeX Font Info:    Kanji font shape `JY2/mc/m/it' undefined
(Font)              No change on input line 1192.
LaTeX Font Info:    Kanji font shape `JY2/mc/m/it' undefined
(Font)              No change on input line 1193.
LaTeX Font Info:    Kanji font shape `JY2/mc/m/it' undefined
(Font)              No change on input line 1194.


Package fancyhdr Warning: \headheight is too small (12.0pt): 
(fancyhdr)                Make it at least 15.0pt, for example:
(fancyhdr)                \setlength{\headheight}{15.0pt}.
(fancyhdr)                You might also make \topmargin smaller to compensate:

(fancyhdr)                \addtolength{\topmargin}{-3.0pt}.

[24]

Package fancyhdr Warning: \headheight is too small (12.0pt): 
(fancyhdr)                Make it at least 15.0pt, for example:
(fancyhdr)                \setlength{\headheight}{15.0pt}.
(fancyhdr)                You might also make \topmargin smaller to compensate:

(fancyhdr)                \addtolength{\topmargin}{-3.0pt}.

[25] [26

]
第 4 章
LaTeX Font Info:    Font shape `JY2/gt/m/n' will be
(Font)              scaled to size 6.73553pt on input line 1296.
LaTeX Font Info:    Font shape `JY2/gt/m/n' will be
(Font)              scaled to size 4.8111pt on input line 1296.
[27] [28

]
第 5 章
[29] [30

]
第 6 章
[31] [32

]
第 7 章
[33] [34

]
第 8 章
[35]
File: ununiform_grid.png Graphic file (type bmp)
<ununiform_grid.png>


Package fancyhdr Warning: \headheight is too small (12.0pt): 
(fancyhdr)                Make it at least 15.0pt, for example:
(fancyhdr)                \setlength{\headheight}{15.0pt}.
(fancyhdr)                You might also make \topmargin smaller to compensate:

(fancyhdr)                \addtolength{\topmargin}{-3.0pt}.

[36]
第 9 章
File: bc_sym.png Graphic file (type bmp)
<bc_sym.png>
[37

]

Package fancyhdr Warning: \headheight is too small (12.0pt): 
(fancyhdr)                Make it at least 15.0pt, for example:
(fancyhdr)                \setlength{\headheight}{15.0pt}.
(fancyhdr)                You might also make \topmargin smaller to compensate:

(fancyhdr)                \addtolength{\topmargin}{-3.0pt}.

[38]
第 10 章
[39

] [40

]
第 11 章
LaTeX Font Info:    Kanji font shape `JY2/mc/m/it' undefined
(Font)              No change on input line 1613.
LaTeX Font Info:    Kanji font shape `JY2/mc/m/it' undefined
(Font)              No change on input line 1614.
LaTeX Font Info:    Kanji font shape `JY2/mc/m/it' undefined
(Font)              No change on input line 1615.
[41]
LaTeX Font Info:    Kanji font shape `JY2/gt/m/it' undefined
(Font)              No change on input line 1647.
LaTeX Font Info:    Kanji font shape `JY2/gt/m/it' undefined
(Font)              No change on input line 1667.
LaTeX Font Info:    Kanji font shape `JY2/gt/m/it' undefined
(Font)              No change on input line 1707.
LaTeX Font Info:    Kanji font shape `JY2/gt/m/it' undefined
(Font)              No change on input line 1719.
LaTeX Font Info:    Kanji font shape `JY2/gt/m/it' undefined
(Font)              No change on input line 1731.
LaTeX Font Info:    Kanji font shape `JY2/gt/m/it' undefined
(Font)              No change on input line 1743.
LaTeX Font Info:    Kanji font shape `JY2/gt/m/it' undefined
(Font)              No change on input line 1755.


Package fancyhdr Warning: \headheight is too small (12.0pt): 
(fancyhdr)                Make it at least 15.0pt, for example:
(fancyhdr)                \setlength{\headheight}{15.0pt}.
(fancyhdr)                You might also make \topmargin smaller to compensate:

(fancyhdr)                \addtolength{\topmargin}{-3.0pt}.

[42]
LaTeX Font Info:    Kanji font shape `JY2/gt/m/it' undefined
(Font)              No change on input line 1767.
LaTeX Font Info:    Kanji font shape `JY2/gt/m/it' undefined
(Font)              No change on input line 1779.
LaTeX Font Info:    Kanji font shape `JY2/gt/m/it' undefined
(Font)              No change on input line 1786.
LaTeX Font Info:    Kanji font shape `JY2/mc/m/it' undefined
(Font)              No change on input line 1792.
LaTeX Font Info:    Kanji font shape `JY2/mc/m/it' undefined
(Font)              No change on input line 1792.
LaTeX Font Info:    Kanji font shape `JY2/mc/m/it' undefined
(Font)              No change on input line 1792.
LaTeX Font Info:    Kanji font shape `JY2/mc/m/it' undefined
(Font)              No change on input line 1792.
LaTeX Font Info:    Kanji font shape `JY2/gt/m/it' undefined
(Font)              No change on input line 1811.
LaTeX Font Info:    Kanji font shape `JY2/gt/m/it' undefined
(Font)              No change on input line 1814.
LaTeX Font Info:    Kanji font shape `JY2/gt/m/it' undefined
(Font)              No change on input line 1818.
LaTeX Font Info:    Kanji font shape `JY2/gt/m/it' undefined
(Font)              No change on input line 1829.
LaTeX Font Info:    Kanji font shape `JY2/gt/m/it' undefined
(Font)              No change on input line 1829.
LaTeX Font Info:    Kanji font shape `JY2/gt/m/it' undefined
(Font)              No change on input line 1829.
LaTeX Font Info:    Kanji font shape `JY2/gt/m/it' undefined
(Font)              No change on input line 1832.
LaTeX Font Info:    Kanji font shape `JY2/gt/m/it' undefined
(Font)              No change on input line 1837.
LaTeX Font Info:    Kanji font shape `JY2/gt/m/it' undefined
(Font)              No change on input line 1841.
LaTeX Font Info:    Kanji font shape `JY2/gt/m/it' undefined
(Font)              No change on input line 1845.
LaTeX Font Info:    Kanji font shape `JY2/gt/m/it' undefined
(Font)              No change on input line 1858.
LaTeX Font Info:    Kanji font shape `JY2/gt/m/it' undefined
(Font)              No change on input line 1858.
LaTeX Font Info:    Kanji font shape `JY2/gt/m/it' undefined
(Font)              No change on input line 1861.


Package fancyhdr Warning: \headheight is too small (12.0pt): 
(fancyhdr)                Make it at least 15.0pt, for example:
(fancyhdr)                \setlength{\headheight}{15.0pt}.
(fancyhdr)                You might also make \topmargin smaller to compensate:

(fancyhdr)                \addtolength{\topmargin}{-3.0pt}.

[43]
LaTeX Font Info:    Kanji font shape `JY2/gt/m/it' undefined
(Font)              No change on input line 1866.
LaTeX Font Info:    Kanji font shape `JY2/gt/m/it' undefined
(Font)              No change on input line 1870.
LaTeX Font Info:    Kanji font shape `JY2/gt/m/it' undefined
(Font)              No change on input line 1883.
LaTeX Font Info:    Kanji font shape `JY2/gt/m/it' undefined
(Font)              No change on input line 1883.
LaTeX Font Info:    Kanji font shape `JY2/gt/m/it' undefined
(Font)              No change on input line 1886.
LaTeX Font Info:    Kanji font shape `JY2/gt/m/it' undefined
(Font)              No change on input line 1891.
LaTeX Font Info:    Kanji font shape `JY2/gt/m/it' undefined
(Font)              No change on input line 1895.
LaTeX Font Info:    Kanji font shape `JY2/gt/m/it' undefined
(Font)              No change on input line 1908.
LaTeX Font Info:    Kanji font shape `JY2/gt/m/it' undefined
(Font)              No change on input line 1908.
LaTeX Font Info:    Kanji font shape `JY2/gt/m/it' undefined
(Font)              No change on input line 1908.
LaTeX Font Info:    Kanji font shape `JY2/gt/m/it' undefined
(Font)              No change on input line 1916.
LaTeX Font Info:    Kanji font shape `JY2/gt/m/it' undefined
(Font)              No change on input line 1920.
LaTeX Font Info:    Kanji font shape `JY2/gt/m/it' undefined
(Font)              No change on input line 1924.
LaTeX Font Info:    Kanji font shape `JY2/gt/m/it' undefined
(Font)              No change on input line 1941.
LaTeX Font Info:    Kanji font shape `JY2/gt/m/it' undefined
(Font)              No change on input line 1941.
LaTeX Font Info:    Kanji font shape `JY2/gt/m/it' undefined
(Font)              No change on input line 1944.
LaTeX Font Info:    Kanji font shape `JY2/gt/m/it' undefined
(Font)              No change on input line 1949.
LaTeX Font Info:    Kanji font shape `JY2/gt/m/it' undefined
(Font)              No change on input line 1953.
LaTeX Font Info:    Kanji font shape `JY2/gt/m/it' undefined
(Font)              No change on input line 1966.
LaTeX Font Info:    Kanji font shape `JY2/gt/m/it' undefined
(Font)              No change on input line 1966.
LaTeX Font Info:    Kanji font shape `JY2/gt/m/it' undefined
(Font)              No change on input line 1966.
LaTeX Font Info:    Kanji font shape `JY2/gt/m/it' undefined
(Font)              No change on input line 1969.
LaTeX Font Info:    Kanji font shape `JY2/gt/m/it' undefined
(Font)              No change on input line 1974.
LaTeX Font Info:    Kanji font shape `JY2/gt/m/it' undefined
(Font)              No change on input line 1978.


Package fancyhdr Warning: \headheight is too small (12.0pt): 
(fancyhdr)                Make it at least 15.0pt, for example:
(fancyhdr)                \setlength{\headheight}{15.0pt}.
(fancyhdr)                You might also make \topmargin smaller to compensate:

(fancyhdr)                \addtolength{\topmargin}{-3.0pt}.

[44]
LaTeX Font Info:    Kanji font shape `JY2/gt/m/it' undefined
(Font)              No change on input line 1982.
LaTeX Font Info:    Kanji font shape `JY2/gt/m/it' undefined
(Font)              No change on input line 1995.
LaTeX Font Info:    Kanji font shape `JY2/gt/m/it' undefined
(Font)              No change on input line 1995.
LaTeX Font Info:    Kanji font shape `JY2/gt/m/it' undefined
(Font)              No change on input line 1995.
LaTeX Font Info:    Kanji font shape `JY2/gt/m/it' undefined
(Font)              No change on input line 1995.
LaTeX Font Info:    Kanji font shape `JY2/gt/m/it' undefined
(Font)              No change on input line 1998.
LaTeX Font Info:    Kanji font shape `JY2/gt/m/it' undefined
(Font)              No change on input line 2003.
LaTeX Font Info:    Kanji font shape `JY2/gt/m/it' undefined
(Font)              No change on input line 2007.
LaTeX Font Info:    Kanji font shape `JY2/gt/m/it' undefined
(Font)              No change on input line 2011.
LaTeX Font Info:    Kanji font shape `JY2/gt/m/it' undefined
(Font)              No change on input line 2015.
LaTeX Font Info:    Kanji font shape `JY2/gt/m/it' undefined
(Font)              No change on input line 2034.
LaTeX Font Info:    Kanji font shape `JY2/gt/m/it' undefined
(Font)              No change on input line 2034.
LaTeX Font Info:    Kanji font shape `JY2/gt/m/it' undefined
(Font)              No change on input line 2034.
LaTeX Font Info:    Kanji font shape `JY2/gt/m/it' undefined
(Font)              No change on input line 2034.
LaTeX Font Info:    Kanji font shape `JY2/gt/m/it' undefined
(Font)              No change on input line 2042.
LaTeX Font Info:    Kanji font shape `JY2/gt/m/it' undefined
(Font)              No change on input line 2050.
LaTeX Font Info:    Kanji font shape `JY2/gt/m/it' undefined
(Font)              No change on input line 2054.
LaTeX Font Info:    Kanji font shape `JY2/gt/m/it' undefined
(Font)              No change on input line 2067.
LaTeX Font Info:    Kanji font shape `JY2/gt/m/it' undefined
(Font)              No change on input line 2067.
LaTeX Font Info:    Kanji font shape `JY2/gt/m/it' undefined
(Font)              No change on input line 2075.
LaTeX Font Info:    Kanji font shape `JY2/gt/m/it' undefined
(Font)              No change on input line 2079.


Package fancyhdr Warning: \headheight is too small (12.0pt): 
(fancyhdr)                Make it at least 15.0pt, for example:
(fancyhdr)                \setlength{\headheight}{15.0pt}.
(fancyhdr)                You might also make \topmargin smaller to compensate:

(fancyhdr)                \addtolength{\topmargin}{-3.0pt}.

[45]
LaTeX Font Info:    Kanji font shape `JY2/gt/m/it' undefined
(Font)              No change on input line 2092.
LaTeX Font Info:    Kanji font shape `JY2/gt/m/it' undefined
(Font)              No change on input line 2092.
LaTeX Font Info:    Kanji font shape `JY2/gt/m/it' undefined
(Font)              No change on input line 2092.
LaTeX Font Info:    Kanji font shape `JY2/gt/m/it' undefined
(Font)              No change on input line 2100.
LaTeX Font Info:    Kanji font shape `JY2/gt/m/it' undefined
(Font)              No change on input line 2104.
LaTeX Font Info:    Kanji font shape `JY2/gt/m/it' undefined
(Font)              No change on input line 2108.
LaTeX Font Info:    Kanji font shape `JY2/gt/m/it' undefined
(Font)              No change on input line 2121.
LaTeX Font Info:    Kanji font shape `JY2/gt/m/it' undefined
(Font)              No change on input line 2121.
LaTeX Font Info:    Kanji font shape `JY2/gt/m/it' undefined
(Font)              No change on input line 2129.
LaTeX Font Info:    Kanji font shape `JY2/gt/m/it' undefined
(Font)              No change on input line 2133.
LaTeX Font Info:    Kanji font shape `JY2/gt/m/it' undefined
(Font)              No change on input line 2146.
LaTeX Font Info:    Kanji font shape `JY2/gt/m/it' undefined
(Font)              No change on input line 2146.
LaTeX Font Info:    Kanji font shape `JY2/gt/m/it' undefined
(Font)              No change on input line 2146.
LaTeX Font Info:    Kanji font shape `JY2/gt/m/it' undefined
(Font)              No change on input line 2146.
LaTeX Font Info:    Kanji font shape `JY2/gt/m/it' undefined
(Font)              No change on input line 2154.
LaTeX Font Info:    Kanji font shape `JY2/gt/m/it' undefined
(Font)              No change on input line 2158.
LaTeX Font Info:    Kanji font shape `JY2/gt/m/it' undefined
(Font)              No change on input line 2162.
LaTeX Font Info:    Kanji font shape `JY2/gt/m/it' undefined
(Font)              No change on input line 2196.
LaTeX Font Info:    Kanji font shape `JY2/gt/m/it' undefined
(Font)              No change on input line 2202.
LaTeX Font Info:    Kanji font shape `JY2/gt/m/it' undefined
(Font)              No change on input line 2202.
LaTeX Font Info:    Kanji font shape `JY2/gt/m/it' undefined
(Font)              No change on input line 2202.
LaTeX Font Info:    Kanji font shape `JY2/gt/m/it' undefined
(Font)              No change on input line 2202.
LaTeX Font Info:    Kanji font shape `JY2/gt/m/it' undefined
(Font)              No change on input line 2202.
LaTeX Font Info:    Kanji font shape `JY2/gt/m/it' undefined
(Font)              No change on input line 2202.
LaTeX Font Info:    Kanji font shape `JY2/gt/m/it' undefined
(Font)              No change on input line 2202.
LaTeX Font Info:    Kanji font shape `JY2/gt/m/it' undefined
(Font)              No change on input line 2202.
LaTeX Font Info:    Kanji font shape `JY2/gt/m/it' undefined
(Font)              No change on input line 2202.
LaTeX Font Info:    Kanji font shape `JY2/gt/m/it' undefined
(Font)              No change on input line 2202.
LaTeX Font Info:    Kanji font shape `JY2/gt/m/it' undefined
(Font)              No change on input line 2202.
LaTeX Font Info:    Kanji font shape `JY2/gt/m/it' undefined
(Font)              No change on input line 2202.
LaTeX Font Info:    Kanji font shape `JY2/gt/m/it' undefined
(Font)              No change on input line 2202.
LaTeX Font Info:    Kanji font shape `JY2/gt/m/it' undefined
(Font)              No change on input line 2202.
LaTeX Font Info:    Kanji font shape `JY2/gt/m/it' undefined
(Font)              No change on input line 2202.
LaTeX Font Info:    Kanji font shape `JY2/gt/m/it' undefined
(Font)              No change on input line 2202.
LaTeX Font Info:    Kanji font shape `JY2/gt/m/it' undefined
(Font)              No change on input line 2202.


Package fancyhdr Warning: \headheight is too small (12.0pt): 
(fancyhdr)                Make it at least 15.0pt, for example:
(fancyhdr)                \setlength{\headheight}{15.0pt}.
(fancyhdr)                You might also make \topmargin smaller to compensate:

(fancyhdr)                \addtolength{\topmargin}{-3.0pt}.

[46]
LaTeX Font Info:    Kanji font shape `JY2/gt/m/it' undefined
(Font)              No change on input line 2210.
LaTeX Font Info:    Kanji font shape `JY2/gt/m/it' undefined
(Font)              No change on input line 2214.
LaTeX Font Info:    Kanji font shape `JY2/gt/m/it' undefined
(Font)              No change on input line 2214.
LaTeX Font Info:    Kanji font shape `JY2/gt/m/it' undefined
(Font)              No change on input line 2218.
LaTeX Font Info:    Kanji font shape `JY2/gt/m/it' undefined
(Font)              No change on input line 2222.
LaTeX Font Info:    Kanji font shape `JY2/gt/m/it' undefined
(Font)              No change on input line 2226.
LaTeX Font Info:    Kanji font shape `JY2/gt/m/it' undefined
(Font)              No change on input line 2230.
LaTeX Font Info:    Kanji font shape `JY2/gt/m/it' undefined
(Font)              No change on input line 2234.
LaTeX Font Info:    Kanji font shape `JY2/gt/m/it' undefined
(Font)              No change on input line 2238.
LaTeX Font Info:    Kanji font shape `JY2/gt/m/it' undefined
(Font)              No change on input line 2242.
LaTeX Font Info:    Kanji font shape `JY2/gt/m/it' undefined
(Font)              No change on input line 2246.
LaTeX Font Info:    Kanji font shape `JY2/gt/m/it' undefined
(Font)              No change on input line 2250.
LaTeX Font Info:    Kanji font shape `JY2/gt/m/it' undefined
(Font)              No change on input line 2254.
LaTeX Font Info:    Kanji font shape `JY2/gt/m/it' undefined
(Font)              No change on input line 2258.
LaTeX Font Info:    Kanji font shape `JY2/gt/m/it' undefined
(Font)              No change on input line 2262.
LaTeX Font Info:    Kanji font shape `JY2/gt/m/it' undefined
(Font)              No change on input line 2262.
LaTeX Font Info:    Kanji font shape `JY2/gt/m/it' undefined
(Font)              No change on input line 2262.
LaTeX Font Info:    Kanji font shape `JY2/gt/m/it' undefined
(Font)              No change on input line 2262.
LaTeX Font Info:    Kanji font shape `JY2/gt/m/it' undefined
(Font)              No change on input line 2262.
LaTeX Font Info:    Kanji font shape `JY2/gt/m/it' undefined
(Font)              No change on input line 2269.
LaTeX Font Info:    Kanji font shape `JY2/gt/m/it' undefined
(Font)              No change on input line 2274.
LaTeX Font Info:    Kanji font shape `JY2/gt/m/it' undefined
(Font)              No change on input line 2278.
LaTeX Font Info:    Kanji font shape `JY2/gt/m/it' undefined
(Font)              No change on input line 2282.
LaTeX Font Info:    Kanji font shape `JY2/gt/m/it' undefined
(Font)              No change on input line 2292.
LaTeX Font Info:    Kanji font shape `JY2/gt/m/it' undefined
(Font)              No change on input line 2292.


Package fancyhdr Warning: \headheight is too small (12.0pt): 
(fancyhdr)                Make it at least 15.0pt, for example:
(fancyhdr)                \setlength{\headheight}{15.0pt}.
(fancyhdr)                You might also make \topmargin smaller to compensate:

(fancyhdr)                \addtolength{\topmargin}{-3.0pt}.

[47]

Package fancyhdr Warning: \headheight is too small (12.0pt): 
(fancyhdr)                Make it at least 15.0pt, for example:
(fancyhdr)                \setlength{\headheight}{15.0pt}.
(fancyhdr)                You might also make \topmargin smaller to compensate:

(fancyhdr)                \addtolength{\topmargin}{-3.0pt}.

[48]
第 12 章
LaTeX Font Info:    Kanji font shape `JY2/gt/m/it' undefined
(Font)              No change on input line 2361.
LaTeX Font Info:    Kanji font shape `JY2/gt/m/it' undefined
(Font)              No change on input line 2361.
LaTeX Font Info:    Kanji font shape `JY2/gt/m/it' undefined
(Font)              No change on input line 2361.
LaTeX Font Info:    Kanji font shape `JY2/gt/m/it' undefined
(Font)              No change on input line 2361.
LaTeX Font Info:    Kanji font shape `JY2/gt/m/it' undefined
(Font)              No change on input line 2361.
LaTeX Font Info:    Kanji font shape `JY2/gt/m/it' undefined
(Font)              No change on input line 2361.
LaTeX Font Info:    Kanji font shape `JY2/gt/m/it' undefined
(Font)              No change on input line 2369.
LaTeX Font Info:    Kanji font shape `JY2/gt/m/it' undefined
(Font)              No change on input line 2373.
LaTeX Font Info:    Kanji font shape `JY2/gt/m/it' undefined
(Font)              No change on input line 2377.
LaTeX Font Info:    Kanji font shape `JY2/gt/m/it' undefined
(Font)              No change on input line 2381.
LaTeX Font Info:    Kanji font shape `JY2/gt/m/it' undefined
(Font)              No change on input line 2385.
LaTeX Font Info:    Kanji font shape `JY2/gt/m/it' undefined
(Font)              No change on input line 2389.
LaTeX Font Info:    Kanji font shape `JY2/gt/m/it' undefined
(Font)              No change on input line 2402.
LaTeX Font Info:    Kanji font shape `JY2/gt/m/it' undefined
(Font)              No change on input line 2402.
LaTeX Font Info:    Kanji font shape `JY2/gt/m/it' undefined
(Font)              No change on input line 2402.
LaTeX Font Info:    Kanji font shape `JY2/gt/m/it' undefined
(Font)              No change on input line 2402.
LaTeX Font Info:    Kanji font shape `JY2/gt/m/it' undefined
(Font)              No change on input line 2402.
LaTeX Font Info:    Kanji font shape `JY2/gt/m/it' undefined
(Font)              No change on input line 2402.
LaTeX Font Info:    Kanji font shape `JY2/gt/m/it' undefined
(Font)              No change on input line 2402.
LaTeX Font Info:    Kanji font shape `JY2/gt/m/it' undefined
(Font)              No change on input line 2402.
LaTeX Font Info:    Kanji font shape `JY2/gt/m/it' undefined
(Font)              No change on input line 2410.
LaTeX Font Info:    Kanji font shape `JY2/gt/m/it' undefined
(Font)              No change on input line 2414.
LaTeX Font Info:    Kanji font shape `JY2/gt/m/it' undefined
(Font)              No change on input line 2418.
LaTeX Font Info:    Kanji font shape `JY2/gt/m/it' undefined
(Font)              No change on input line 2422.
LaTeX Font Info:    Kanji font shape `JY2/gt/m/it' undefined
(Font)              No change on input line 2426.
LaTeX Font Info:    Kanji font shape `JY2/gt/m/it' undefined
(Font)              No change on input line 2430.
LaTeX Font Info:    Kanji font shape `JY2/gt/m/it' undefined
(Font)              No change on input line 2434.
[49

]
LaTeX Font Info:    Kanji font shape `JY2/gt/m/it' undefined
(Font)              No change on input line 2438.
LaTeX Font Info:    Kanji font shape `JY2/gt/m/it' undefined
(Font)              No change on input line 2451.
LaTeX Font Info:    Kanji font shape `JY2/gt/m/it' undefined
(Font)              No change on input line 2451.
LaTeX Font Info:    Kanji font shape `JY2/gt/m/it' undefined
(Font)              No change on input line 2451.
LaTeX Font Info:    Kanji font shape `JY2/gt/m/it' undefined
(Font)              No change on input line 2451.
LaTeX Font Info:    Kanji font shape `JY2/gt/m/it' undefined
(Font)              No change on input line 2451.
LaTeX Font Info:    Kanji font shape `JY2/gt/m/it' undefined
(Font)              No change on input line 2451.
LaTeX Font Info:    Kanji font shape `JY2/gt/m/it' undefined
(Font)              No change on input line 2459.
LaTeX Font Info:    Kanji font shape `JY2/gt/m/it' undefined
(Font)              No change on input line 2463.
LaTeX Font Info:    Kanji font shape `JY2/gt/m/it' undefined
(Font)              No change on input line 2467.
LaTeX Font Info:    Kanji font shape `JY2/gt/m/it' undefined
(Font)              No change on input line 2471.
LaTeX Font Info:    Kanji font shape `JY2/gt/m/it' undefined
(Font)              No change on input line 2475.
LaTeX Font Info:    Kanji font shape `JY2/gt/m/it' undefined
(Font)              No change on input line 2479.
LaTeX Font Info:    Kanji font shape `JY2/mc/m/it' undefined
(Font)              No change on input line 2492.
LaTeX Font Info:    Kanji font shape `JY2/mc/m/it' undefined
(Font)              No change on input line 2493.
LaTeX Font Info:    Kanji font shape `JY2/mc/m/it' undefined
(Font)              No change on input line 2494.
LaTeX Font Info:    Kanji font shape `JY2/mc/m/it' undefined
(Font)              No change on input line 2495.
LaTeX Font Info:    Kanji font shape `JY2/mc/m/it' undefined
(Font)              No change on input line 2498.
LaTeX Font Info:    Kanji font shape `JY2/mc/m/it' undefined
(Font)              No change on input line 2500.
File: paraview01.png Graphic file (type bmp)
<paraview01.png>


Package fancyhdr Warning: \headheight is too small (12.0pt): 
(fancyhdr)                Make it at least 15.0pt, for example:
(fancyhdr)                \setlength{\headheight}{15.0pt}.
(fancyhdr)                You might also make \topmargin smaller to compensate:

(fancyhdr)                \addtolength{\topmargin}{-3.0pt}.

[50]
File: paraview02.png Graphic file (type bmp)
<paraview02.png>
File: paraview03.png Graphic file (type bmp)
<paraview03.png>


Package fancyhdr Warning: \headheight is too small (12.0pt): 
(fancyhdr)                Make it at least 15.0pt, for example:
(fancyhdr)                \setlength{\headheight}{15.0pt}.
(fancyhdr)                You might also make \topmargin smaller to compensate:

(fancyhdr)                \addtolength{\topmargin}{-3.0pt}.

[51]
File: paraview04.png Graphic file (type bmp)
<paraview04.png>
File: paraview05.png Graphic file (type bmp)
<paraview05.png>


Package fancyhdr Warning: \headheight is too small (12.0pt): 
(fancyhdr)                Make it at least 15.0pt, for example:
(fancyhdr)                \setlength{\headheight}{15.0pt}.
(fancyhdr)                You might also make \topmargin smaller to compensate:

(fancyhdr)                \addtolength{\topmargin}{-3.0pt}.

[52]
File: paraview06.png Graphic file (type bmp)
<paraview06.png>


Package fancyhdr Warning: \headheight is too small (12.0pt): 
(fancyhdr)                Make it at least 15.0pt, for example:
(fancyhdr)                \setlength{\headheight}{15.0pt}.
(fancyhdr)                You might also make \topmargin smaller to compensate:

(fancyhdr)                \addtolength{\topmargin}{-3.0pt}.

[53] [54

]
第 13 章
[55]

Package fancyhdr Warning: \headheight is too small (12.0pt): 
(fancyhdr)                Make it at least 15.0pt, for example:
(fancyhdr)                \setlength{\headheight}{15.0pt}.
(fancyhdr)                You might also make \topmargin smaller to compensate:

(fancyhdr)                \addtolength{\topmargin}{-3.0pt}.

[56]
LaTeX Font Info:    Font shape `JT2/mc/m/n' will be
(Font)              scaled to size 6.73553pt on input line 2769.


Package fancyhdr Warning: \headheight is too small (12.0pt): 
(fancyhdr)                Make it at least 15.0pt, for example:
(fancyhdr)                \setlength{\headheight}{15.0pt}.
(fancyhdr)                You might also make \topmargin smaller to compensate:

(fancyhdr)                \addtolength{\topmargin}{-3.0pt}.

[57]

Package fancyhdr Warning: \headheight is too small (12.0pt): 
(fancyhdr)                Make it at least 15.0pt, for example:
(fancyhdr)                \setlength{\headheight}{15.0pt}.
(fancyhdr)                You might also make \topmargin smaller to compensate:

(fancyhdr)                \addtolength{\topmargin}{-3.0pt}.

[58]

Package fancyhdr Warning: \headheight is too small (12.0pt): 
(fancyhdr)                Make it at least 15.0pt, for example:
(fancyhdr)                \setlength{\headheight}{15.0pt}.
(fancyhdr)                You might also make \topmargin smaller to compensate:

(fancyhdr)                \addtolength{\topmargin}{-3.0pt}.

[59]

Package fancyhdr Warning: \headheight is too small (12.0pt): 
(fancyhdr)                Make it at least 15.0pt, for example:
(fancyhdr)                \setlength{\headheight}{15.0pt}.
(fancyhdr)                You might also make \topmargin smaller to compensate:

(fancyhdr)                \addtolength{\topmargin}{-3.0pt}.

[60]
第 14 章
LaTeX Font Info:    Kanji font shape `JY2/mc/m/it' undefined
(Font)              No change on input line 3145.
LaTeX Font Info:    Kanji font shape `JY2/mc/m/it' undefined
(Font)              No change on input line 3146.
[61

]
File: restructuredtext_vs.png Graphic file (type bmp)
<restructuredtext_vs.png>
LaTeX Font Info:    Kanji font shape `JY2/mc/m/it' undefined
(Font)              No change on input line 3216.


Package fancyhdr Warning: \headheight is too small (12.0pt): 
(fancyhdr)                Make it at least 15.0pt, for example:
(fancyhdr)                \setlength{\headheight}{15.0pt}.
(fancyhdr)                You might also make \topmargin smaller to compensate:

(fancyhdr)                \addtolength{\topmargin}{-3.0pt}.

[62]
LaTeX Font Info:    Kanji font shape `JY2/gt/m/it' undefined
(Font)              No change on input line 3248.
File: R2D2_logo.png Graphic file (type bmp)
<R2D2_logo.png>


Package fancyhdr Warning: \headheight is too small (12.0pt): 
(fancyhdr)                Make it at least 15.0pt, for example:
(fancyhdr)                \setlength{\headheight}{15.0pt}.
(fancyhdr)                You might also make \topmargin smaller to compensate:

(fancyhdr)                \addtolength{\topmargin}{-3.0pt}.

[63]
LaTeX Font Info:    Kanji font shape `JY2/mc/m/it' undefined
(Font)              No change on input line 3352.


Package fancyhdr Warning: \headheight is too small (12.0pt): 
(fancyhdr)                Make it at least 15.0pt, for example:
(fancyhdr)                \setlength{\headheight}{15.0pt}.
(fancyhdr)                You might also make \topmargin smaller to compensate:

(fancyhdr)                \addtolength{\topmargin}{-3.0pt}.

[64]
第 15 章
[65

] [66

]
第 16 章
LaTeX Font Info:    Kanji font shape `JY2/gt/m/it' undefined
(Font)              No change on input line 3423.

Overfull \hbox (52.42093pt too wide) in paragraph at lines 3422--3424
[]\T1/qtm/m/it/10 Hotta and Ku-sano, 2021, Na-ture As-tron-omy, 5, 1100 <https:
//ui.adsabs.harvard.edu/abs/2021NatAs...5.1100H/abstract> 
 []

LaTeX Font Info:    Kanji font shape `JY2/gt/m/it' undefined
(Font)              No change on input line 3427.

Overfull \hbox (31.92696pt too wide) in paragraph at lines 3426--3428
[]\T1/qtm/m/it/10 Hotta, Ku-sano, and Shi-mada, 2022, ApJ, 933, 2 <https://ui.a
dsabs.harvard.edu/abs/2022ApJ...933..199H/abstract> 
 []

[67] [68

]
第 17 章
[69] [70

]
第 18 章
LaTeX Font Info:    Kanji font shape `JY2/gt/m/it' undefined
(Font)              No change on input line 3453.
LaTeX Font Info:    Kanji font shape `JY2/gt/m/it' undefined
(Font)              No change on input line 3461.
LaTeX Font Info:    Kanji font shape `JY2/gt/m/it' undefined
(Font)              No change on input line 3469.
LaTeX Font Info:    Kanji font shape `JY2/gt/m/it' undefined
(Font)              No change on input line 3477.
LaTeX Font Info:    Kanji font shape `JY2/gt/m/it' undefined
(Font)              No change on input line 3485.
LaTeX Font Info:    Kanji font shape `JY2/gt/m/it' undefined
(Font)              No change on input line 3493.
LaTeX Font Info:    Kanji font shape `JY2/gt/m/it' undefined
(Font)              No change on input line 3501.
LaTeX Font Info:    Kanji font shape `JY2/gt/m/it' undefined
(Font)              No change on input line 3509.
[71]

Package fancyhdr Warning: \headheight is too small (12.0pt): 
(fancyhdr)                Make it at least 15.0pt, for example:
(fancyhdr)                \setlength{\headheight}{15.0pt}.
(fancyhdr)                You might also make \topmargin smaller to compensate:

(fancyhdr)                \addtolength{\topmargin}{-3.0pt}.

[72] [73



] (./r2d2.ind [74


]
LaTeX Font Info:    Kanji font shape `JY2/gt/m/it' undefined
(Font)              No change on input line 8.
LaTeX Font Info:    Kanji font shape `JY2/gt/m/it' undefined
(Font)              No change on input line 12.
LaTeX Font Info:    Kanji font shape `JY2/gt/m/it' undefined
(Font)              No change on input line 16.
LaTeX Font Info:    Kanji font shape `JY2/gt/m/it' undefined
(Font)              No change on input line 17.
LaTeX Font Info:    Kanji font shape `JY2/gt/m/it' undefined
(Font)              No change on input line 18.
LaTeX Font Info:    Kanji font shape `JY2/gt/m/it' undefined
(Font)              No change on input line 19.
LaTeX Font Info:    Kanji font shape `JY2/gt/m/it' undefined
(Font)              No change on input line 20.
LaTeX Font Info:    Kanji font shape `JY2/gt/m/it' undefined
(Font)              No change on input line 26.
LaTeX Font Info:    Kanji font shape `JY2/gt/m/it' undefined
(Font)              No change on input line 33.
LaTeX Font Info:    Kanji font shape `JY2/gt/m/it' undefined
(Font)              No change on input line 34.
LaTeX Font Info:    Kanji font shape `JY2/gt/m/it' undefined
(Font)              No change on input line 35.
LaTeX Font Info:    Kanji font shape `JY2/gt/m/it' undefined
(Font)              No change on input line 36.
LaTeX Font Info:    Kanji font shape `JY2/gt/m/it' undefined
(Font)              No change on input line 37.
LaTeX Font Info:    Kanji font shape `JY2/gt/m/it' undefined
(Font)              No change on input line 38.
LaTeX Font Info:    Kanji font shape `JY2/gt/m/it' undefined
(Font)              No change on input line 39.
LaTeX Font Info:    Kanji font shape `JY2/gt/m/it' undefined
(Font)              No change on input line 40.
LaTeX Font Info:    Kanji font shape `JY2/gt/m/it' undefined
(Font)              No change on input line 44.
LaTeX Font Info:    Kanji font shape `JY2/gt/m/it' undefined
(Font)              No change on input line 45.
LaTeX Font Info:    Kanji font shape `JY2/gt/m/it' undefined
(Font)              No change on input line 46.
LaTeX Font Info:    Kanji font shape `JY2/gt/m/it' undefined
(Font)              No change on input line 47.
LaTeX Font Info:    Kanji font shape `JY2/gt/m/it' undefined
(Font)              No change on input line 51.
LaTeX Font Info:    Kanji font shape `JY2/gt/m/it' undefined
(Font)              No change on input line 55.
LaTeX Font Info:    Kanji font shape `JY2/gt/m/it' undefined
(Font)              No change on input line 59.

Underfull \hbox (badness 10000) in paragraph at lines 68--69
[]| \T1/txtt/m/n/10 R2D2.vtk.write_vtk.write_3D_vector()\T1/qtm/m/n/10 ,
 []

[75

]) (./r2d2.aux)
Package rerunfilecheck Info: File `r2d2.out' has not changed.
(rerunfilecheck)             Checksum: 9C267ACA09CFF58EB6894420BFAF7EAD;11166.
 ) 
Here is how much of TeX's memory you used:
 13178 strings out of 479460
 192570 string characters out of 5870464
 662058 words of memory out of 5000000
 30529 multiletter control sequences out of 15000+600000
 508527 words of font info for 120 fonts, out of 8000000 for 9000
 930 hyphenation exceptions out of 8191
 83i,21n,88p,900b,647s stack positions out of 5000i,500n,10000p,200000b,80000s

Output written on r2d2.dvi (79 pages, 282944 bytes).
