\BOOKMARK [0][-]{chapter.1}{とりあえず始めるには}{}% 1
\BOOKMARK [0][-]{chapter.2}{数値スキーム}{}% 2
\BOOKMARK [1][-]{section.2.1}{MHDスキーム}{chapter.2}% 3
\BOOKMARK [0][-]{chapter.3}{フリーパラメタ}{}% 4
\BOOKMARK [0][-]{chapter.4}{方程式}{}% 5
\BOOKMARK [0][-]{chapter.5}{コードの構造}{}% 6
\BOOKMARK [0][-]{chapter.6}{座標生成}{}% 7
\BOOKMARK [1][-]{section.6.1}{一様グリッド}{chapter.6}% 8
\BOOKMARK [1][-]{section.6.2}{非一様グリッド}{chapter.6}% 9
\BOOKMARK [0][-]{chapter.7}{境界条件}{}% 10
\BOOKMARK [1][-]{section.7.1}{上部境界}{chapter.7}% 11
\BOOKMARK [1][-]{section.7.2}{下部境界}{chapter.7}% 12
\BOOKMARK [0][-]{chapter.8}{人工粘性}{}% 13
\BOOKMARK [0][-]{chapter.9}{入力・出力}{}% 14
\BOOKMARK [1][-]{section.9.1}{出力}{chapter.9}% 15
\BOOKMARK [1][-]{section.9.2}{読込}{chapter.9}% 16
\BOOKMARK [1][-]{section.9.3}{バージョン履歴}{chapter.9}% 17
\BOOKMARK [0][-]{chapter.10}{Sphinx使用の覚書}{}% 18
\BOOKMARK [1][-]{section.10.1}{はじめに}{chapter.10}% 19
\BOOKMARK [1][-]{section.10.2}{インストール}{chapter.10}% 20
\BOOKMARK [1][-]{section.10.3}{HTMLファイルの生成}{chapter.10}% 21
\BOOKMARK [1][-]{section.10.4}{VS codeの利用}{chapter.10}% 22
\BOOKMARK [1][-]{section.10.5}{環境設定}{chapter.10}% 23
\BOOKMARK [1][-]{section.10.6}{記法}{chapter.10}% 24
\BOOKMARK [0][-]{chapter.11}{ライセンス}{}% 25
\BOOKMARK [0][-]{chapter.12}{索引と検索ページ}{}% 26
\BOOKMARK [0][-]{section*.16}{索引}{}% 27
